This file contains any messages produced by compilers while
running configure, to aid debugging if configure makes a mistake.

It was created by configure, which was
generated by GNU Autoconf 2.69.  Invocation command line was

  $ ./configure --disable-shared --enable-threads

## --------- ##
## Platform. ##
## --------- ##

hostname = levilli-rd
uname -m = x86_64
uname -r = 4.2.6-301.fc23.x86_64
uname -s = Linux
uname -v = #1 SMP Fri Nov 20 22:22:41 UTC 2015

/usr/bin/uname -p = x86_64
/bin/uname -X     = unknown

/bin/arch              = x86_64
/usr/bin/arch -k       = unknown
/usr/convex/getsysinfo = unknown
/usr/bin/hostinfo      = unknown
/bin/machine           = unknown
/usr/bin/oslevel       = unknown
/bin/universe          = unknown

PATH: /usr/lib64/qt-3.3/bin
PATH: /usr/local/bin
PATH: /usr/local/sbin
PATH: /usr/bin
PATH: /usr/sbin
PATH: /home/levilliard/.local/bin
PATH: /home/levilliard/bin


## ----------- ##
## Core tests. ##
## ----------- ##

configure:2286: checking for gcc
configure:2302: found /usr/bin/gcc
configure:2313: result: gcc
configure:2542: checking for C compiler version
configure:2551: gcc --version >&5
gcc (GCC) 5.1.1 20150618 (Red Hat 5.1.1-4)
Copyright (C) 2015 Free Software Foundation, Inc.
This is free software; see the source for copying conditions.  There is NO
warranty; not even for MERCHANTABILITY or FITNESS FOR A PARTICULAR PURPOSE.

configure:2562: $? = 0
configure:2551: gcc -v >&5
Using built-in specs.
COLLECT_GCC=gcc
COLLECT_LTO_WRAPPER=/usr/libexec/gcc/x86_64-redhat-linux/5.1.1/lto-wrapper
Target: x86_64-redhat-linux
Configured with: ../configure --enable-bootstrap --enable-languages=c,c++,objc,obj-c++,fortran,ada,go,lto --prefix=/usr --mandir=/usr/share/man --infodir=/usr/share/info --with-bugurl=http://bugzilla.redhat.com/bugzilla --enable-shared --enable-threads=posix --enable-checking=release --enable-multilib --with-system-zlib --enable-__cxa_atexit --disable-libunwind-exceptions --enable-gnu-unique-object --enable-linker-build-id --with-linker-hash-style=gnu --enable-plugin --enable-initfini-array --disable-libgcj --with-isl --enable-libmpx --enable-gnu-indirect-function --with-tune=generic --with-arch_32=i686 --build=x86_64-redhat-linux
Thread model: posix
gcc version 5.1.1 20150618 (Red Hat 5.1.1-4) (GCC) 
configure:2562: $? = 0
configure:2551: gcc -V >&5
gcc: error: unrecognized command line option '-V'
gcc: fatal error: no input files
compilation terminated.
configure:2562: $? = 1
configure:2551: gcc -qversion >&5
gcc: error: unrecognized command line option '-qversion'
gcc: fatal error: no input files
compilation terminated.
configure:2562: $? = 1
configure:2582: checking whether the C compiler works
configure:2604: gcc    conftest.c  >&5
configure:2608: $? = 0
configure:2656: result: yes
configure:2659: checking for C compiler default output file name
configure:2661: result: a.out
configure:2667: checking for suffix of executables
configure:2674: gcc -o conftest    conftest.c  >&5
configure:2678: $? = 0
configure:2700: result: 
configure:2722: checking whether we are cross compiling
configure:2730: gcc -o conftest    conftest.c  >&5
configure:2734: $? = 0
configure:2741: ./conftest
configure:2745: $? = 0
configure:2760: result: no
configure:2765: checking for suffix of object files
configure:2787: gcc -c   conftest.c >&5
configure:2791: $? = 0
configure:2812: result: o
configure:2816: checking whether we are using the GNU C compiler
configure:2835: gcc -c   conftest.c >&5
configure:2835: $? = 0
configure:2844: result: yes
configure:2853: checking whether gcc accepts -g
configure:2873: gcc -c -g  conftest.c >&5
configure:2873: $? = 0
configure:2914: result: yes
configure:2931: checking for gcc option to accept ISO C89
configure:2994: gcc  -c   conftest.c >&5
configure:2994: $? = 0
configure:3007: result: none needed
configure:3085: checking for g++
configure:3101: found /usr/bin/g++
configure:3112: result: g++
configure:3139: checking for C++ compiler version
configure:3148: g++ --version >&5
g++ (GCC) 5.1.1 20150618 (Red Hat 5.1.1-4)
Copyright (C) 2015 Free Software Foundation, Inc.
This is free software; see the source for copying conditions.  There is NO
warranty; not even for MERCHANTABILITY or FITNESS FOR A PARTICULAR PURPOSE.

configure:3159: $? = 0
configure:3148: g++ -v >&5
Using built-in specs.
COLLECT_GCC=g++
COLLECT_LTO_WRAPPER=/usr/libexec/gcc/x86_64-redhat-linux/5.1.1/lto-wrapper
Target: x86_64-redhat-linux
Configured with: ../configure --enable-bootstrap --enable-languages=c,c++,objc,obj-c++,fortran,ada,go,lto --prefix=/usr --mandir=/usr/share/man --infodir=/usr/share/info --with-bugurl=http://bugzilla.redhat.com/bugzilla --enable-shared --enable-threads=posix --enable-checking=release --enable-multilib --with-system-zlib --enable-__cxa_atexit --disable-libunwind-exceptions --enable-gnu-unique-object --enable-linker-build-id --with-linker-hash-style=gnu --enable-plugin --enable-initfini-array --disable-libgcj --with-isl --enable-libmpx --enable-gnu-indirect-function --with-tune=generic --with-arch_32=i686 --build=x86_64-redhat-linux
Thread model: posix
gcc version 5.1.1 20150618 (Red Hat 5.1.1-4) (GCC) 
configure:3159: $? = 0
configure:3148: g++ -V >&5
g++: error: unrecognized command line option '-V'
g++: fatal error: no input files
compilation terminated.
configure:3159: $? = 1
configure:3148: g++ -qversion >&5
g++: error: unrecognized command line option '-qversion'
g++: fatal error: no input files
compilation terminated.
configure:3159: $? = 1
configure:3163: checking whether we are using the GNU C++ compiler
configure:3182: g++ -c   conftest.cpp >&5
configure:3182: $? = 0
configure:3191: result: yes
configure:3200: checking whether g++ accepts -g
configure:3220: g++ -c -g  conftest.cpp >&5
configure:3220: $? = 0
configure:3261: result: yes
configure:3327: checking for a BSD-compatible install
configure:3395: result: /usr/bin/install -c
configure:3453: checking for ranlib
configure:3469: found /usr/bin/ranlib
configure:3480: result: ranlib
configure:3504: checking for ar
configure:3522: found /usr/bin/ar
configure:3534: result: /usr/bin/ar
configure:3544: checking for cp
configure:3562: found /usr/bin/cp
configure:3574: result: /usr/bin/cp
configure:3584: checking for ln
configure:3602: found /usr/bin/ln
configure:3614: result: /usr/bin/ln
configure:3624: checking for mkdir
configure:3642: found /usr/bin/mkdir
configure:3654: result: /usr/bin/mkdir
configure:3664: checking for rm
configure:3682: found /usr/bin/rm
configure:3694: result: /usr/bin/rm
configure:3715: checking for inline
configure:3731: gcc -c   conftest.c >&5
configure:3731: $? = 0
configure:3739: result: inline
configure:3761: checking for strdup
configure:3761: gcc -o conftest    conftest.c  >&5
conftest.c:33:6: warning: conflicting types for built-in function 'strdup'
 char strdup ();
      ^
configure:3761: $? = 0
configure:3761: result: yes
configure:3776: checking for snprintf
configure:3776: gcc -o conftest    conftest.c  >&5
conftest.c:34:6: warning: conflicting types for built-in function 'snprintf'
 char snprintf ();
      ^
configure:3776: $? = 0
configure:3776: result: yes
configure:3776: checking for vsnprintf
configure:3776: gcc -o conftest    conftest.c  >&5
conftest.c:35:6: warning: conflicting types for built-in function 'vsnprintf'
 char vsnprintf ();
      ^
configure:3776: $? = 0
configure:3776: result: yes
configure:3787: checking for long long int
configure:3814: result: yes
configure:3838: checking how to run the C preprocessor
configure:3869: gcc -E  conftest.c
configure:3869: $? = 0
configure:3883: gcc -E  conftest.c
conftest.c:14:28: fatal error: ac_nonexistent.h: No such file or directory
compilation terminated.
configure:3883: $? = 1
configure: failed program was:
| /* confdefs.h */
| #define PACKAGE_NAME ""
| #define PACKAGE_TARNAME ""
| #define PACKAGE_VERSION ""
| #define PACKAGE_STRING ""
| #define PACKAGE_BUGREPORT ""
| #define PACKAGE_URL ""
| #define MXML_VERSION "Mini-XML v2.9"
| #define HAVE_STRDUP 1
| #define HAVE_SNPRINTF 1
| #define HAVE_VSNPRINTF 1
| #define HAVE_LONG_LONG 1
| /* end confdefs.h.  */
| #include <ac_nonexistent.h>
configure:3908: result: gcc -E
configure:3928: gcc -E  conftest.c
configure:3928: $? = 0
configure:3942: gcc -E  conftest.c
conftest.c:14:28: fatal error: ac_nonexistent.h: No such file or directory
compilation terminated.
configure:3942: $? = 1
configure: failed program was:
| /* confdefs.h */
| #define PACKAGE_NAME ""
| #define PACKAGE_TARNAME ""
| #define PACKAGE_VERSION ""
| #define PACKAGE_STRING ""
| #define PACKAGE_BUGREPORT ""
| #define PACKAGE_URL ""
| #define MXML_VERSION "Mini-XML v2.9"
| #define HAVE_STRDUP 1
| #define HAVE_SNPRINTF 1
| #define HAVE_VSNPRINTF 1
| #define HAVE_LONG_LONG 1
| /* end confdefs.h.  */
| #include <ac_nonexistent.h>
configure:3971: checking for grep that handles long lines and -e
configure:4029: result: /usr/bin/grep
configure:4034: checking for egrep
configure:4096: result: /usr/bin/grep -E
configure:4101: checking for ANSI C header files
configure:4121: gcc -c   conftest.c >&5
configure:4121: $? = 0
configure:4194: gcc -o conftest    conftest.c  >&5
configure:4194: $? = 0
configure:4194: ./conftest
configure:4194: $? = 0
configure:4205: result: yes
configure:4218: checking for sys/types.h
configure:4218: gcc -c   conftest.c >&5
configure:4218: $? = 0
configure:4218: result: yes
configure:4218: checking for sys/stat.h
configure:4218: gcc -c   conftest.c >&5
configure:4218: $? = 0
configure:4218: result: yes
configure:4218: checking for stdlib.h
configure:4218: gcc -c   conftest.c >&5
configure:4218: $? = 0
configure:4218: result: yes
configure:4218: checking for string.h
configure:4218: gcc -c   conftest.c >&5
configure:4218: $? = 0
configure:4218: result: yes
configure:4218: checking for memory.h
configure:4218: gcc -c   conftest.c >&5
configure:4218: $? = 0
configure:4218: result: yes
configure:4218: checking for strings.h
configure:4218: gcc -c   conftest.c >&5
configure:4218: $? = 0
configure:4218: result: yes
configure:4218: checking for inttypes.h
configure:4218: gcc -c   conftest.c >&5
configure:4218: $? = 0
configure:4218: result: yes
configure:4218: checking for stdint.h
configure:4218: gcc -c   conftest.c >&5
configure:4218: $? = 0
configure:4218: result: yes
configure:4218: checking for unistd.h
configure:4218: gcc -c   conftest.c >&5
configure:4218: $? = 0
configure:4218: result: yes
configure:4230: checking pthread.h usability
configure:4230: gcc -c   conftest.c >&5
configure:4230: $? = 0
configure:4230: result: yes
configure:4230: checking pthread.h presence
configure:4230: gcc -E  conftest.c
configure:4230: $? = 0
configure:4230: result: yes
configure:4230: checking for pthread.h
configure:4230: result: yes
configure:4240: checking for pthread_create using -lpthreads
configure:4255: gcc -o conftest    conftest.c -lpthreads  >&5
/usr/bin/ld: cannot find -lpthreads
collect2: error: ld returned 1 exit status
configure:4255: $? = 1
configure: failed program was:
| /* confdefs.h */
| #define PACKAGE_NAME ""
| #define PACKAGE_TARNAME ""
| #define PACKAGE_VERSION ""
| #define PACKAGE_STRING ""
| #define PACKAGE_BUGREPORT ""
| #define PACKAGE_URL ""
| #define MXML_VERSION "Mini-XML v2.9"
| #define HAVE_STRDUP 1
| #define HAVE_SNPRINTF 1
| #define HAVE_VSNPRINTF 1
| #define HAVE_LONG_LONG 1
| #define STDC_HEADERS 1
| #define HAVE_SYS_TYPES_H 1
| #define HAVE_SYS_STAT_H 1
| #define HAVE_STDLIB_H 1
| #define HAVE_STRING_H 1
| #define HAVE_MEMORY_H 1
| #define HAVE_STRINGS_H 1
| #define HAVE_INTTYPES_H 1
| #define HAVE_STDINT_H 1
| #define HAVE_UNISTD_H 1
| #define HAVE_PTHREAD_H 1
| /* end confdefs.h.  */
| #include <pthread.h>
| int
| main ()
| {
| pthread_create(0, 0, 0, 0);
|   ;
|   return 0;
| }
configure:4260: result: no
configure:4240: checking for pthread_create using -lpthread
configure:4255: gcc -o conftest    conftest.c -lpthread  >&5
configure:4255: $? = 0
configure:4260: result: yes
configure:4576: creating ./config.status

## ---------------------- ##
## Running config.status. ##
## ---------------------- ##

This file was extended by config.status, which was
generated by GNU Autoconf 2.69.  Invocation command line was

  CONFIG_FILES    = 
  CONFIG_HEADERS  = 
  CONFIG_LINKS    = 
  CONFIG_COMMANDS = 
  $ ./config.status 

on levilli-rd

config.status:830: creating Makefile
config.status:830: creating mxml.list
config.status:830: creating mxml.pc
config.status:830: creating config.h

## ---------------- ##
## Cache variables. ##
## ---------------- ##

ac_cv_c_compiler_gnu=yes
ac_cv_c_inline=inline
ac_cv_c_long_long=yes
ac_cv_cxx_compiler_gnu=yes
ac_cv_env_CCC_set=
ac_cv_env_CCC_value=
ac_cv_env_CC_set=
ac_cv_env_CC_value=
ac_cv_env_CFLAGS_set=
ac_cv_env_CFLAGS_value=
ac_cv_env_CPPFLAGS_set=
ac_cv_env_CPPFLAGS_value=
ac_cv_env_CPP_set=
ac_cv_env_CPP_value=
ac_cv_env_CXXFLAGS_set=
ac_cv_env_CXXFLAGS_value=
ac_cv_env_CXX_set=
ac_cv_env_CXX_value=
ac_cv_env_LDFLAGS_set=
ac_cv_env_LDFLAGS_value=
ac_cv_env_LIBS_set=
ac_cv_env_LIBS_value=
ac_cv_env_build_alias_set=
ac_cv_env_build_alias_value=
ac_cv_env_host_alias_set=
ac_cv_env_host_alias_value=
ac_cv_env_target_alias_set=
ac_cv_env_target_alias_value=
ac_cv_func_snprintf=yes
ac_cv_func_strdup=yes
ac_cv_func_vsnprintf=yes
ac_cv_header_inttypes_h=yes
ac_cv_header_memory_h=yes
ac_cv_header_pthread_h=yes
ac_cv_header_stdc=yes
ac_cv_header_stdint_h=yes
ac_cv_header_stdlib_h=yes
ac_cv_header_string_h=yes
ac_cv_header_strings_h=yes
ac_cv_header_sys_stat_h=yes
ac_cv_header_sys_types_h=yes
ac_cv_header_unistd_h=yes
ac_cv_objext=o
ac_cv_path_AR=/usr/bin/ar
ac_cv_path_CP=/usr/bin/cp
ac_cv_path_EGREP='/usr/bin/grep -E'
ac_cv_path_GREP=/usr/bin/grep
ac_cv_path_LN=/usr/bin/ln
ac_cv_path_MKDIR=/usr/bin/mkdir
ac_cv_path_RM=/usr/bin/rm
ac_cv_path_install='/usr/bin/install -c'
ac_cv_prog_CPP='gcc -E'
ac_cv_prog_ac_ct_CC=gcc
ac_cv_prog_ac_ct_CXX=g++
ac_cv_prog_ac_ct_RANLIB=ranlib
ac_cv_prog_cc_c89=
ac_cv_prog_cc_g=yes
ac_cv_prog_cxx_g=yes

## ----------------- ##
## Output variables. ##
## ----------------- ##

AR='/usr/bin/ar'
ARCHFLAGS=''
ARFLAGS='crvs'
CC='gcc'
CFLAGS='-Wall '
CP='/usr/bin/cp'
CPP='gcc -E'
CPPFLAGS=''
CXX='g++'
CXXFLAGS=''
DEFS='-DHAVE_CONFIG_H'
DSO=':'
DSOFLAGS=''
ECHO_C=''
ECHO_N='-n'
ECHO_T=''
EGREP='/usr/bin/grep -E'
EXEEXT=''
GREP='/usr/bin/grep'
INSTALL_DATA='${INSTALL} -m 644'
INSTALL_PROGRAM='${INSTALL}'
INSTALL_SCRIPT='${INSTALL}'
LDFLAGS=''
LIBMXML='libmxml.a'
LIBOBJS=''
LIBS=''
LN='/usr/bin/ln'
LTLIBOBJS=''
MKDIR='/usr/bin/mkdir'
OBJEXT='o'
OPTIM='-Os -g'
PACKAGE_BUGREPORT=''
PACKAGE_NAME=''
PACKAGE_STRING=''
PACKAGE_TARNAME=''
PACKAGE_URL=''
PACKAGE_VERSION=''
PATH_SEPARATOR=':'
PC_CFLAGS='-I${prefix}/include'
PC_LIBS='-L${exec_prefix}/lib -lmxml'
PICFLAG='0'
PTHREAD_FLAGS='-D_THREAD_SAFE -D_REENTRANT'
PTHREAD_LIBS='-lpthread'
RANLIB='ranlib'
RM='/usr/bin/rm'
SHELL='/bin/sh'
VERSION='2.9'
ac_ct_CC='gcc'
ac_ct_CXX='g++'
bindir='${exec_prefix}/bin'
build_alias=''
datadir='${datarootdir}'
datarootdir='${prefix}/share'
docdir='${datarootdir}/doc/mxml'
dvidir='${docdir}'
exec_prefix='/usr/local'
host_alias=''
htmldir='${docdir}'
includedir='${prefix}/include'
infodir='${datarootdir}/info'
libdir='${exec_prefix}/lib'
libexecdir='${exec_prefix}/libexec'
localedir='${datarootdir}/locale'
localstatedir='${prefix}/var'
mandir='${datarootdir}/man'
oldincludedir='/usr/include'
pdfdir='${docdir}'
prefix='/usr/local'
program_transform_name='s,x,x,'
psdir='${docdir}'
sbindir='${exec_prefix}/sbin'
sharedstatedir='${prefix}/com'
sysconfdir='${prefix}/etc'
target_alias=''

## ----------- ##
## confdefs.h. ##
## ----------- ##

/* confdefs.h */
#define PACKAGE_NAME ""
#define PACKAGE_TARNAME ""
#define PACKAGE_VERSION ""
#define PACKAGE_STRING ""
#define PACKAGE_BUGREPORT ""
#define PACKAGE_URL ""
#define MXML_VERSION "Mini-XML v2.9"
#define HAVE_STRDUP 1
#define HAVE_SNPRINTF 1
#define HAVE_VSNPRINTF 1
#define HAVE_LONG_LONG 1
#define STDC_HEADERS 1
#define HAVE_SYS_TYPES_H 1
#define HAVE_SYS_STAT_H 1
#define HAVE_STDLIB_H 1
#define HAVE_STRING_H 1
#define HAVE_MEMORY_H 1
#define HAVE_STRINGS_H 1
#define HAVE_INTTYPES_H 1
#define HAVE_STDINT_H 1
#define HAVE_UNISTD_H 1
#define HAVE_PTHREAD_H 1

configure: exit 0
